<?xml version="1.0" encoding="UTF-8"?>
<testsuite name="model.TestReservedPublication" time="0.007" tests="2" errors="2" skipped="0" failures="0">
  <properties>
    <property name="java.runtime.name" value="Java(TM) SE Runtime Environment"/>
    <property name="sun.boot.library.path" value="/usr/lib/jvm/java-8-oracle/jre/lib/amd64"/>
    <property name="java.vm.version" value="25.161-b12"/>
    <property name="java.vm.vendor" value="Oracle Corporation"/>
    <property name="maven.multiModuleProjectDirectory" value="/home/nc/dev/dapp/dapp_carpnd/backend/carpnd"/>
    <property name="java.vendor.url" value="http://java.oracle.com/"/>
    <property name="path.separator" value=":"/>
    <property name="guice.disable.misplaced.annotation.check" value="true"/>
    <property name="java.vm.name" value="Java HotSpot(TM) 64-Bit Server VM"/>
    <property name="file.encoding.pkg" value="sun.io"/>
    <property name="user.country" value="US"/>
    <property name="sun.java.launcher" value="SUN_STANDARD"/>
    <property name="sun.os.patch.level" value="unknown"/>
    <property name="java.vm.specification.name" value="Java Virtual Machine Specification"/>
    <property name="user.dir" value="/home/nc/dev/dapp/dapp_carpnd/backend/carpnd"/>
    <property name="java.runtime.version" value="1.8.0_161-b12"/>
    <property name="java.awt.graphicsenv" value="sun.awt.X11GraphicsEnvironment"/>
    <property name="java.endorsed.dirs" value="/usr/lib/jvm/java-8-oracle/jre/lib/endorsed"/>
    <property name="os.arch" value="amd64"/>
    <property name="java.io.tmpdir" value="/tmp"/>
    <property name="line.separator" value="&#10;"/>
    <property name="java.vm.specification.vendor" value="Oracle Corporation"/>
    <property name="os.name" value="Linux"/>
    <property name="net.sourceforge.cobertura.datafile" value="/home/nc/dev/dapp/dapp_carpnd/backend/carpnd/target/cobertura/cobertura.ser"/>
    <property name="classworlds.conf" value="/usr/share/maven/bin/m2.conf"/>
    <property name="sun.jnu.encoding" value="UTF-8"/>
    <property name="java.library.path" value="/usr/java/packages/lib/amd64:/usr/lib64:/lib64:/lib:/usr/lib"/>
    <property name="java.specification.name" value="Java Platform API Specification"/>
    <property name="java.class.version" value="52.0"/>
    <property name="sun.management.compiler" value="HotSpot 64-Bit Tiered Compilers"/>
    <property name="os.version" value="4.13.0-38-generic"/>
    <property name="user.home" value="/home/nc"/>
    <property name="user.timezone" value="America/Argentina/Buenos_Aires"/>
    <property name="java.awt.printerjob" value="sun.print.PSPrinterJob"/>
    <property name="java.specification.version" value="1.8"/>
    <property name="file.encoding" value="UTF-8"/>
    <property name="user.name" value="nc"/>
    <property name="java.class.path" value="/usr/share/maven/boot/plexus-classworlds-2.x.jar"/>
    <property name="java.vm.specification.version" value="1.8"/>
    <property name="sun.arch.data.model" value="64"/>
    <property name="java.home" value="/usr/lib/jvm/java-8-oracle/jre"/>
    <property name="sun.java.command" value="org.codehaus.plexus.classworlds.launcher.Launcher cobertura:cobertura"/>
    <property name="java.specification.vendor" value="Oracle Corporation"/>
    <property name="user.language" value="en"/>
    <property name="awt.toolkit" value="sun.awt.X11.XToolkit"/>
    <property name="java.vm.info" value="mixed mode"/>
    <property name="java.version" value="1.8.0_161"/>
    <property name="java.ext.dirs" value="/usr/lib/jvm/java-8-oracle/jre/lib/ext:/usr/java/packages/lib/ext"/>
    <property name="securerandom.source" value="file:/dev/./urandom"/>
    <property name="sun.boot.class.path" value="/usr/lib/jvm/java-8-oracle/jre/lib/resources.jar:/usr/lib/jvm/java-8-oracle/jre/lib/rt.jar:/usr/lib/jvm/java-8-oracle/jre/lib/sunrsasign.jar:/usr/lib/jvm/java-8-oracle/jre/lib/jsse.jar:/usr/lib/jvm/java-8-oracle/jre/lib/jce.jar:/usr/lib/jvm/java-8-oracle/jre/lib/charsets.jar:/usr/lib/jvm/java-8-oracle/jre/lib/jfr.jar:/usr/lib/jvm/java-8-oracle/jre/classes"/>
    <property name="java.vendor" value="Oracle Corporation"/>
    <property name="maven.home" value="/usr/share/maven"/>
    <property name="file.separator" value="/"/>
    <property name="java.vendor.url.bug" value="http://bugreport.sun.com/bugreport/"/>
    <property name="sun.cpu.endian" value="little"/>
    <property name="sun.io.unicode.encoding" value="UnicodeLittle"/>
    <property name="project.build.outputDirectory" value="/home/nc/dev/dapp/dapp_carpnd/backend/carpnd/target/generated-classes/cobertura"/>
    <property name="sun.desktop" value="gnome"/>
    <property name="sun.cpu.isalist" value=""/>
  </properties>
  <testcase name="testReservedPublicationIsCreatedWithACopyOfFinalPriceButThatPricesNeverChange" classname="model.TestReservedPublication" time="0.005">
    <error message="Expecting a stackmap frame at branch target 56&#10;Exception Details:&#10;  Location:&#10;    model/MoneyAndAmount.isMayorTo(Lmodel/MoneyAndAmount;)Z @37: ifle&#10;  Reason:&#10;    Expected stackmap frame at this location.&#10;  Bytecode:&#10;    0x0000000: 033d 11ff ff3e 120f 1100 1fb8 0015 2ab4&#10;    0x0000010: 001a b600 2a2b b400 1ab6 002a 9711 001f&#10;    0x0000020: 3d11 0000 3e9e 0013 120f 1c1d 04b8 0037&#10;    0x0000030: 11ff ff3e 04a7 0014 1d9b 000f 120f 1c1d&#10;    0x0000040: 03b8 0037 11ff ff3e 03ac               &#10;  Stackmap Table:&#10;    same_frame_extended(@72)&#10;    same_locals_1_stack_item_frame(@73,Integer)&#10;" type="java.lang.VerifyError">java.lang.VerifyError: Expecting a stackmap frame at branch target 56
Exception Details:
  Location:
    model/MoneyAndAmount.isMayorTo(Lmodel/MoneyAndAmount;)Z @37: ifle
  Reason:
    Expected stackmap frame at this location.
  Bytecode:
    0x0000000: 033d 11ff ff3e 120f 1100 1fb8 0015 2ab4
    0x0000010: 001a b600 2a2b b400 1ab6 002a 9711 001f
    0x0000020: 3d11 0000 3e9e 0013 120f 1c1d 04b8 0037
    0x0000030: 11ff ff3e 04a7 0014 1d9b 000f 120f 1c1d
    0x0000040: 03b8 0037 11ff ff3e 03ac               
  Stackmap Table:
    same_frame_extended(@72)
    same_locals_1_stack_item_frame(@73,Integer)

	at model.TestReservedPublication.testReservedPublicationIsCreatedWithACopyOfFinalPriceButThatPricesNeverChange(TestReservedPublication.java:37)
</error>
  </testcase>
  <testcase name="testReservedPublicationIsCreatedWithFinalPriceAndDaysReserved" classname="model.TestReservedPublication" time="0.002">
    <error message="&#10;Unfinished stubbing detected here:&#10;-&gt; at model.TestReservation.reservationFinalPriceReturnThePriceCalculatedForTheTimeTranscurred(TestReservation.java:58)&#10;&#10;E.g. thenReturn() may be missing.&#10;Examples of correct stubbing:&#10;    when(mock.isOk()).thenReturn(true);&#10;    when(mock.isOk()).thenThrow(exception);&#10;    doThrow(exception).when(mock).someVoidMethod();&#10;Hints:&#10; 1. missing thenReturn()&#10; 2. you are trying to stub a final method, you naughty developer!&#10;" type="org.mockito.exceptions.misusing.UnfinishedStubbingException"><![CDATA[org.mockito.exceptions.misusing.UnfinishedStubbingException: 
Unfinished stubbing detected here:
-> at model.TestReservation.reservationFinalPriceReturnThePriceCalculatedForTheTimeTranscurred(TestReservation.java:58)

E.g. thenReturn() may be missing.
Examples of correct stubbing:
    when(mock.isOk()).thenReturn(true);
    when(mock.isOk()).thenThrow(exception);
    doThrow(exception).when(mock).someVoidMethod();
Hints:
 1. missing thenReturn()
 2. you are trying to stub a final method, you naughty developer!

	at model.ReservedPublication.<init>(ReservedPublication.java:15)
	at model.TestReservedPublication.testReservedPublicationIsCreatedWithFinalPriceAndDaysReserved(TestReservedPublication.java:23)
]]></error>
  </testcase>
</testsuite>