<?xml version="1.0" encoding="UTF-8"?>
<testsuite name="model.TestReservedPublication" time="0.007" tests="2" errors="2" skipped="0" failures="0">
  <properties>
[...]
</properties>
  <testcase name="testReservedPublicationIsCreatedWithACopyOfFinalPriceButThatPricesNeverChange" classname="model.TestReservedPublication" time="0.005">
    <error message="Expecting a stackmap frame at branch target 56&#10;Exception Details:&#10;  Location:&#10;    model/MoneyAndAmount.isMayorTo(Lmodel/MoneyAndAmount;)Z @37: ifle&#10;  Reason:&#10;    Expected stackmap frame at this location.&#10;  Bytecode:&#10;    0x0000000: 033d 11ff ff3e 120f 1100 1fb8 0015 2ab4&#10;    0x0000010: 001a b600 2a2b b400 1ab6 002a 9711 001f&#10;    0x0000020: 3d11 0000 3e9e 0013 120f 1c1d 04b8 0037&#10;    0x0000030: 11ff ff3e 04a7 0014 1d9b 000f 120f 1c1d&#10;    0x0000040: 03b8 0037 11ff ff3e 03ac               &#10;  Stackmap Table:&#10;    same_frame_extended(@72)&#10;    same_locals_1_stack_item_frame(@73,Integer)&#10;" type="java.lang.VerifyError">java.lang.VerifyError: Expecting a stackmap frame at branch target 56
Exception Details:
  Location:
    model/MoneyAndAmount.isMayorTo(Lmodel/MoneyAndAmount;)Z @37: ifle
  Reason:
    Expected stackmap frame at this location.
  Bytecode:
    0x0000000: 033d 11ff ff3e 120f 1100 1fb8 0015 2ab4
    0x0000010: 001a b600 2a2b b400 1ab6 002a 9711 001f
    0x0000020: 3d11 0000 3e9e 0013 120f 1c1d 04b8 0037
    0x0000030: 11ff ff3e 04a7 0014 1d9b 000f 120f 1c1d
    0x0000040: 03b8 0037 11ff ff3e 03ac               
  Stackmap Table:
    same_frame_extended(@72)
    same_locals_1_stack_item_frame(@73,Integer)

	at model.TestReservedPublication.testReservedPublicationIsCreatedWithACopyOfFinalPriceButThatPricesNeverChange(TestReservedPublication.java:37)
</error>
  </testcase>
  <testcase name="testReservedPublicationIsCreatedWithFinalPriceAndDaysReserved" classname="model.TestReservedPublication" time="0.002">
    <error message="&#10;Unfinished stubbing detected here:&#10;-&gt; at model.TestReservation.reservationFinalPriceReturnThePriceCalculatedForTheTimeTranscurred(TestReservation.java:58)&#10;&#10;E.g. thenReturn() may be missing.&#10;Examples of correct stubbing:&#10;    when(mock.isOk()).thenReturn(true);&#10;    when(mock.isOk()).thenThrow(exception);&#10;    doThrow(exception).when(mock).someVoidMethod();&#10;Hints:&#10; 1. missing thenReturn()&#10; 2. you are trying to stub a final method, you naughty developer!&#10;" type="org.mockito.exceptions.misusing.UnfinishedStubbingException"><![CDATA[org.mockito.exceptions.misusing.UnfinishedStubbingException: 
Unfinished stubbing detected here:
-> at model.TestReservation.reservationFinalPriceReturnThePriceCalculatedForTheTimeTranscurred(TestReservation.java:58)

E.g. thenReturn() may be missing.
Examples of correct stubbing:
    when(mock.isOk()).thenReturn(true);
    when(mock.isOk()).thenThrow(exception);
    doThrow(exception).when(mock).someVoidMethod();
Hints:
 1. missing thenReturn()
 2. you are trying to stub a final method, you naughty developer!

	at model.ReservedPublication.<init>(ReservedPublication.java:15)
	at model.TestReservedPublication.testReservedPublicationIsCreatedWithFinalPriceAndDaysReserved(TestReservedPublication.java:23)
]]></error>
  </testcase>
</testsuite>