<?xml version="1.0" encoding="UTF-8"?>
<testsuite name="model.TestPublicationEnabledDays" time="0.015" tests="6" errors="6" skipped="0" failures="0">
  <properties>
[...]
</properties>
  <testcase name="testReleasedDaysReservedShowsAsEnabled" classname="model.TestPublicationEnabledDays" time="0.013">
    <error message="Expecting a stackmap frame at branch target 77&#10;Exception Details:&#10;  Location:&#10;    model/PublicationsEnabledDays.reserveDay(Ljava/time/LocalDate;)V @32: ifeq&#10;  Reason:&#10;    Expected stackmap frame at this location.&#10;  Bytecode:&#10;    0x0000000: 033d 11ff ff3e 120f 1100 18b8 0015 2ab4&#10;    0x0000010: 001c 2bb9 0031 0200 1100 183d 1100 003e&#10;    0x0000020: 9900 2d1c 1100 18a0 0016 1d11 0000 a000&#10;    0x0000030: 0f12 0f1c 1d04 b800 3511 ffff 3e12 0f11&#10;    0x0000040: 0019 b800 15bb 0029 59b7 0036 bf1d 9b00&#10;    0x0000050: 0f12 0f1c 1d03 b800 3511 ffff 3e12 0f11&#10;    0x0000060: 001b b800 152a b400 1e2b b900 3102 0011&#10;    0x0000070: 001b 3d11 0000 3e99 002d 1c11 001b a000&#10;    0x0000080: 161d 1100 00a0 000f 120f 1c1d 04b8 0035&#10;    0x0000090: 11ff ff3e 120f 1100 1cb8 0015 bb00 2b59&#10;    0x00000a0: b700 37bf 1d9b 000f 120f 1c1d 03b8 0035&#10;    0x00000b0: 11ff ff3e 120f 1100 1eb8 0015 2ab4 001e&#10;    0x00000c0: 2bb9 003a 0200 5712 0f11 001f b800 15b1&#10;    0x00000d0:                                        &#10;  Stackmap Table:&#10;    same_frame_extended(@101)&#10;    same_frame_extended(@188)&#10;" type="java.lang.VerifyError">java.lang.VerifyError: Expecting a stackmap frame at branch target 77
Exception Details:
  Location:
    model/PublicationsEnabledDays.reserveDay(Ljava/time/LocalDate;)V @32: ifeq
  Reason:
    Expected stackmap frame at this location.
  Bytecode:
    0x0000000: 033d 11ff ff3e 120f 1100 18b8 0015 2ab4
    0x0000010: 001c 2bb9 0031 0200 1100 183d 1100 003e
    0x0000020: 9900 2d1c 1100 18a0 0016 1d11 0000 a000
    0x0000030: 0f12 0f1c 1d04 b800 3511 ffff 3e12 0f11
    0x0000040: 0019 b800 15bb 0029 59b7 0036 bf1d 9b00
    0x0000050: 0f12 0f1c 1d03 b800 3511 ffff 3e12 0f11
    0x0000060: 001b b800 152a b400 1e2b b900 3102 0011
    0x0000070: 001b 3d11 0000 3e99 002d 1c11 001b a000
    0x0000080: 161d 1100 00a0 000f 120f 1c1d 04b8 0035
    0x0000090: 11ff ff3e 120f 1100 1cb8 0015 bb00 2b59
    0x00000a0: b700 37bf 1d9b 000f 120f 1c1d 03b8 0035
    0x00000b0: 11ff ff3e 120f 1100 1eb8 0015 2ab4 001e
    0x00000c0: 2bb9 003a 0200 5712 0f11 001f b800 15b1
    0x00000d0:                                        
  Stackmap Table:
    same_frame_extended(@101)
    same_frame_extended(@188)

	at model.TestPublicationEnabledDays.testReleasedDaysReservedShowsAsEnabled(TestPublicationEnabledDays.java:86)
</error>
  </testcase>
  <testcase name="testSetSomeDaysDisabledAndThatDaysCannotBeReserved" classname="model.TestPublicationEnabledDays" time="0">
    <error message="Expecting a stackmap frame at branch target 77&#10;Exception Details:&#10;  Location:&#10;    model/PublicationsEnabledDays.reserveDay(Ljava/time/LocalDate;)V @32: ifeq&#10;  Reason:&#10;    Expected stackmap frame at this location.&#10;  Bytecode:&#10;    0x0000000: 033d 11ff ff3e 120f 1100 18b8 0015 2ab4&#10;    0x0000010: 001c 2bb9 0031 0200 1100 183d 1100 003e&#10;    0x0000020: 9900 2d1c 1100 18a0 0016 1d11 0000 a000&#10;    0x0000030: 0f12 0f1c 1d04 b800 3511 ffff 3e12 0f11&#10;    0x0000040: 0019 b800 15bb 0029 59b7 0036 bf1d 9b00&#10;    0x0000050: 0f12 0f1c 1d03 b800 3511 ffff 3e12 0f11&#10;    0x0000060: 001b b800 152a b400 1e2b b900 3102 0011&#10;    0x0000070: 001b 3d11 0000 3e99 002d 1c11 001b a000&#10;    0x0000080: 161d 1100 00a0 000f 120f 1c1d 04b8 0035&#10;    0x0000090: 11ff ff3e 120f 1100 1cb8 0015 bb00 2b59&#10;    0x00000a0: b700 37bf 1d9b 000f 120f 1c1d 03b8 0035&#10;    0x00000b0: 11ff ff3e 120f 1100 1eb8 0015 2ab4 001e&#10;    0x00000c0: 2bb9 003a 0200 5712 0f11 001f b800 15b1&#10;    0x00000d0:                                        &#10;  Stackmap Table:&#10;    same_frame_extended(@101)&#10;    same_frame_extended(@188)&#10;" type="java.lang.VerifyError">java.lang.VerifyError: Expecting a stackmap frame at branch target 77
Exception Details:
  Location:
    model/PublicationsEnabledDays.reserveDay(Ljava/time/LocalDate;)V @32: ifeq
  Reason:
    Expected stackmap frame at this location.
  Bytecode:
    0x0000000: 033d 11ff ff3e 120f 1100 18b8 0015 2ab4
    0x0000010: 001c 2bb9 0031 0200 1100 183d 1100 003e
    0x0000020: 9900 2d1c 1100 18a0 0016 1d11 0000 a000
    0x0000030: 0f12 0f1c 1d04 b800 3511 ffff 3e12 0f11
    0x0000040: 0019 b800 15bb 0029 59b7 0036 bf1d 9b00
    0x0000050: 0f12 0f1c 1d03 b800 3511 ffff 3e12 0f11
    0x0000060: 001b b800 152a b400 1e2b b900 3102 0011
    0x0000070: 001b 3d11 0000 3e99 002d 1c11 001b a000
    0x0000080: 161d 1100 00a0 000f 120f 1c1d 04b8 0035
    0x0000090: 11ff ff3e 120f 1100 1cb8 0015 bb00 2b59
    0x00000a0: b700 37bf 1d9b 000f 120f 1c1d 03b8 0035
    0x00000b0: 11ff ff3e 120f 1100 1eb8 0015 2ab4 001e
    0x00000c0: 2bb9 003a 0200 5712 0f11 001f b800 15b1
    0x00000d0:                                        
  Stackmap Table:
    same_frame_extended(@101)
    same_frame_extended(@188)

	at model.TestPublicationEnabledDays.testSetSomeDaysDisabledAndThatDaysCannotBeReserved(TestPublicationEnabledDays.java:28)
</error>
  </testcase>
  <testcase name="testCheckIfSomeDayReservedCannotBeReserved" classname="model.TestPublicationEnabledDays" time="0">
    <error message="Expecting a stackmap frame at branch target 77&#10;Exception Details:&#10;  Location:&#10;    model/PublicationsEnabledDays.reserveDay(Ljava/time/LocalDate;)V @32: ifeq&#10;  Reason:&#10;    Expected stackmap frame at this location.&#10;  Bytecode:&#10;    0x0000000: 033d 11ff ff3e 120f 1100 18b8 0015 2ab4&#10;    0x0000010: 001c 2bb9 0031 0200 1100 183d 1100 003e&#10;    0x0000020: 9900 2d1c 1100 18a0 0016 1d11 0000 a000&#10;    0x0000030: 0f12 0f1c 1d04 b800 3511 ffff 3e12 0f11&#10;    0x0000040: 0019 b800 15bb 0029 59b7 0036 bf1d 9b00&#10;    0x0000050: 0f12 0f1c 1d03 b800 3511 ffff 3e12 0f11&#10;    0x0000060: 001b b800 152a b400 1e2b b900 3102 0011&#10;    0x0000070: 001b 3d11 0000 3e99 002d 1c11 001b a000&#10;    0x0000080: 161d 1100 00a0 000f 120f 1c1d 04b8 0035&#10;    0x0000090: 11ff ff3e 120f 1100 1cb8 0015 bb00 2b59&#10;    0x00000a0: b700 37bf 1d9b 000f 120f 1c1d 03b8 0035&#10;    0x00000b0: 11ff ff3e 120f 1100 1eb8 0015 2ab4 001e&#10;    0x00000c0: 2bb9 003a 0200 5712 0f11 001f b800 15b1&#10;    0x00000d0:                                        &#10;  Stackmap Table:&#10;    same_frame_extended(@101)&#10;    same_frame_extended(@188)&#10;" type="java.lang.VerifyError">java.lang.VerifyError: Expecting a stackmap frame at branch target 77
Exception Details:
  Location:
    model/PublicationsEnabledDays.reserveDay(Ljava/time/LocalDate;)V @32: ifeq
  Reason:
    Expected stackmap frame at this location.
  Bytecode:
    0x0000000: 033d 11ff ff3e 120f 1100 18b8 0015 2ab4
    0x0000010: 001c 2bb9 0031 0200 1100 183d 1100 003e
    0x0000020: 9900 2d1c 1100 18a0 0016 1d11 0000 a000
    0x0000030: 0f12 0f1c 1d04 b800 3511 ffff 3e12 0f11
    0x0000040: 0019 b800 15bb 0029 59b7 0036 bf1d 9b00
    0x0000050: 0f12 0f1c 1d03 b800 3511 ffff 3e12 0f11
    0x0000060: 001b b800 152a b400 1e2b b900 3102 0011
    0x0000070: 001b 3d11 0000 3e99 002d 1c11 001b a000
    0x0000080: 161d 1100 00a0 000f 120f 1c1d 04b8 0035
    0x0000090: 11ff ff3e 120f 1100 1cb8 0015 bb00 2b59
    0x00000a0: b700 37bf 1d9b 000f 120f 1c1d 03b8 0035
    0x00000b0: 11ff ff3e 120f 1100 1eb8 0015 2ab4 001e
    0x00000c0: 2bb9 003a 0200 5712 0f11 001f b800 15b1
    0x00000d0:                                        
  Stackmap Table:
    same_frame_extended(@101)
    same_frame_extended(@188)

	at model.TestPublicationEnabledDays.testCheckIfSomeDayReservedCannotBeReserved(TestPublicationEnabledDays.java:72)
</error>
  </testcase>
  <testcase name="testReserveSomeDaysAndThatsDaysCannotBeReservedAgain" classname="model.TestPublicationEnabledDays" time="0">
    <error message="Expecting a stackmap frame at branch target 77&#10;Exception Details:&#10;  Location:&#10;    model/PublicationsEnabledDays.reserveDay(Ljava/time/LocalDate;)V @32: ifeq&#10;  Reason:&#10;    Expected stackmap frame at this location.&#10;  Bytecode:&#10;    0x0000000: 033d 11ff ff3e 120f 1100 18b8 0015 2ab4&#10;    0x0000010: 001c 2bb9 0031 0200 1100 183d 1100 003e&#10;    0x0000020: 9900 2d1c 1100 18a0 0016 1d11 0000 a000&#10;    0x0000030: 0f12 0f1c 1d04 b800 3511 ffff 3e12 0f11&#10;    0x0000040: 0019 b800 15bb 0029 59b7 0036 bf1d 9b00&#10;    0x0000050: 0f12 0f1c 1d03 b800 3511 ffff 3e12 0f11&#10;    0x0000060: 001b b800 152a b400 1e2b b900 3102 0011&#10;    0x0000070: 001b 3d11 0000 3e99 002d 1c11 001b a000&#10;    0x0000080: 161d 1100 00a0 000f 120f 1c1d 04b8 0035&#10;    0x0000090: 11ff ff3e 120f 1100 1cb8 0015 bb00 2b59&#10;    0x00000a0: b700 37bf 1d9b 000f 120f 1c1d 03b8 0035&#10;    0x00000b0: 11ff ff3e 120f 1100 1eb8 0015 2ab4 001e&#10;    0x00000c0: 2bb9 003a 0200 5712 0f11 001f b800 15b1&#10;    0x00000d0:                                        &#10;  Stackmap Table:&#10;    same_frame_extended(@101)&#10;    same_frame_extended(@188)&#10;" type="java.lang.VerifyError">java.lang.VerifyError: Expecting a stackmap frame at branch target 77
Exception Details:
  Location:
    model/PublicationsEnabledDays.reserveDay(Ljava/time/LocalDate;)V @32: ifeq
  Reason:
    Expected stackmap frame at this location.
  Bytecode:
    0x0000000: 033d 11ff ff3e 120f 1100 18b8 0015 2ab4
    0x0000010: 001c 2bb9 0031 0200 1100 183d 1100 003e
    0x0000020: 9900 2d1c 1100 18a0 0016 1d11 0000 a000
    0x0000030: 0f12 0f1c 1d04 b800 3511 ffff 3e12 0f11
    0x0000040: 0019 b800 15bb 0029 59b7 0036 bf1d 9b00
    0x0000050: 0f12 0f1c 1d03 b800 3511 ffff 3e12 0f11
    0x0000060: 001b b800 152a b400 1e2b b900 3102 0011
    0x0000070: 001b 3d11 0000 3e99 002d 1c11 001b a000
    0x0000080: 161d 1100 00a0 000f 120f 1c1d 04b8 0035
    0x0000090: 11ff ff3e 120f 1100 1cb8 0015 bb00 2b59
    0x00000a0: b700 37bf 1d9b 000f 120f 1c1d 03b8 0035
    0x00000b0: 11ff ff3e 120f 1100 1eb8 0015 2ab4 001e
    0x00000c0: 2bb9 003a 0200 5712 0f11 001f b800 15b1
    0x00000d0:                                        
  Stackmap Table:
    same_frame_extended(@101)
    same_frame_extended(@188)

	at model.TestPublicationEnabledDays.testReserveSomeDaysAndThatsDaysCannotBeReservedAgain(TestPublicationEnabledDays.java:51)
</error>
  </testcase>
  <testcase name="testStartsWithAllDaysEnabled" classname="model.TestPublicationEnabledDays" time="0.001">
    <error message="Expecting a stackmap frame at branch target 77&#10;Exception Details:&#10;  Location:&#10;    model/PublicationsEnabledDays.reserveDay(Ljava/time/LocalDate;)V @32: ifeq&#10;  Reason:&#10;    Expected stackmap frame at this location.&#10;  Bytecode:&#10;    0x0000000: 033d 11ff ff3e 120f 1100 18b8 0015 2ab4&#10;    0x0000010: 001c 2bb9 0031 0200 1100 183d 1100 003e&#10;    0x0000020: 9900 2d1c 1100 18a0 0016 1d11 0000 a000&#10;    0x0000030: 0f12 0f1c 1d04 b800 3511 ffff 3e12 0f11&#10;    0x0000040: 0019 b800 15bb 0029 59b7 0036 bf1d 9b00&#10;    0x0000050: 0f12 0f1c 1d03 b800 3511 ffff 3e12 0f11&#10;    0x0000060: 001b b800 152a b400 1e2b b900 3102 0011&#10;    0x0000070: 001b 3d11 0000 3e99 002d 1c11 001b a000&#10;    0x0000080: 161d 1100 00a0 000f 120f 1c1d 04b8 0035&#10;    0x0000090: 11ff ff3e 120f 1100 1cb8 0015 bb00 2b59&#10;    0x00000a0: b700 37bf 1d9b 000f 120f 1c1d 03b8 0035&#10;    0x00000b0: 11ff ff3e 120f 1100 1eb8 0015 2ab4 001e&#10;    0x00000c0: 2bb9 003a 0200 5712 0f11 001f b800 15b1&#10;    0x00000d0:                                        &#10;  Stackmap Table:&#10;    same_frame_extended(@101)&#10;    same_frame_extended(@188)&#10;" type="java.lang.VerifyError">java.lang.VerifyError: Expecting a stackmap frame at branch target 77
Exception Details:
  Location:
    model/PublicationsEnabledDays.reserveDay(Ljava/time/LocalDate;)V @32: ifeq
  Reason:
    Expected stackmap frame at this location.
  Bytecode:
    0x0000000: 033d 11ff ff3e 120f 1100 18b8 0015 2ab4
    0x0000010: 001c 2bb9 0031 0200 1100 183d 1100 003e
    0x0000020: 9900 2d1c 1100 18a0 0016 1d11 0000 a000
    0x0000030: 0f12 0f1c 1d04 b800 3511 ffff 3e12 0f11
    0x0000040: 0019 b800 15bb 0029 59b7 0036 bf1d 9b00
    0x0000050: 0f12 0f1c 1d03 b800 3511 ffff 3e12 0f11
    0x0000060: 001b b800 152a b400 1e2b b900 3102 0011
    0x0000070: 001b 3d11 0000 3e99 002d 1c11 001b a000
    0x0000080: 161d 1100 00a0 000f 120f 1c1d 04b8 0035
    0x0000090: 11ff ff3e 120f 1100 1cb8 0015 bb00 2b59
    0x00000a0: b700 37bf 1d9b 000f 120f 1c1d 03b8 0035
    0x00000b0: 11ff ff3e 120f 1100 1eb8 0015 2ab4 001e
    0x00000c0: 2bb9 003a 0200 5712 0f11 001f b800 15b1
    0x00000d0:                                        
  Stackmap Table:
    same_frame_extended(@101)
    same_frame_extended(@188)

	at model.TestPublicationEnabledDays.testStartsWithAllDaysEnabled(TestPublicationEnabledDays.java:22)
</error>
  </testcase>
  <testcase name="testCheckIfSomeDayCanBeReserved" classname="model.TestPublicationEnabledDays" time="0.001">
    <error message="Expecting a stackmap frame at branch target 77&#10;Exception Details:&#10;  Location:&#10;    model/PublicationsEnabledDays.reserveDay(Ljava/time/LocalDate;)V @32: ifeq&#10;  Reason:&#10;    Expected stackmap frame at this location.&#10;  Bytecode:&#10;    0x0000000: 033d 11ff ff3e 120f 1100 18b8 0015 2ab4&#10;    0x0000010: 001c 2bb9 0031 0200 1100 183d 1100 003e&#10;    0x0000020: 9900 2d1c 1100 18a0 0016 1d11 0000 a000&#10;    0x0000030: 0f12 0f1c 1d04 b800 3511 ffff 3e12 0f11&#10;    0x0000040: 0019 b800 15bb 0029 59b7 0036 bf1d 9b00&#10;    0x0000050: 0f12 0f1c 1d03 b800 3511 ffff 3e12 0f11&#10;    0x0000060: 001b b800 152a b400 1e2b b900 3102 0011&#10;    0x0000070: 001b 3d11 0000 3e99 002d 1c11 001b a000&#10;    0x0000080: 161d 1100 00a0 000f 120f 1c1d 04b8 0035&#10;    0x0000090: 11ff ff3e 120f 1100 1cb8 0015 bb00 2b59&#10;    0x00000a0: b700 37bf 1d9b 000f 120f 1c1d 03b8 0035&#10;    0x00000b0: 11ff ff3e 120f 1100 1eb8 0015 2ab4 001e&#10;    0x00000c0: 2bb9 003a 0200 5712 0f11 001f b800 15b1&#10;    0x00000d0:                                        &#10;  Stackmap Table:&#10;    same_frame_extended(@101)&#10;    same_frame_extended(@188)&#10;" type="java.lang.VerifyError">java.lang.VerifyError: Expecting a stackmap frame at branch target 77
Exception Details:
  Location:
    model/PublicationsEnabledDays.reserveDay(Ljava/time/LocalDate;)V @32: ifeq
  Reason:
    Expected stackmap frame at this location.
  Bytecode:
    0x0000000: 033d 11ff ff3e 120f 1100 18b8 0015 2ab4
    0x0000010: 001c 2bb9 0031 0200 1100 183d 1100 003e
    0x0000020: 9900 2d1c 1100 18a0 0016 1d11 0000 a000
    0x0000030: 0f12 0f1c 1d04 b800 3511 ffff 3e12 0f11
    0x0000040: 0019 b800 15bb 0029 59b7 0036 bf1d 9b00
    0x0000050: 0f12 0f1c 1d03 b800 3511 ffff 3e12 0f11
    0x0000060: 001b b800 152a b400 1e2b b900 3102 0011
    0x0000070: 001b 3d11 0000 3e99 002d 1c11 001b a000
    0x0000080: 161d 1100 00a0 000f 120f 1c1d 04b8 0035
    0x0000090: 11ff ff3e 120f 1100 1cb8 0015 bb00 2b59
    0x00000a0: b700 37bf 1d9b 000f 120f 1c1d 03b8 0035
    0x00000b0: 11ff ff3e 120f 1100 1eb8 0015 2ab4 001e
    0x00000c0: 2bb9 003a 0200 5712 0f11 001f b800 15b1
    0x00000d0:                                        
  Stackmap Table:
    same_frame_extended(@101)
    same_frame_extended(@188)

	at model.TestPublicationEnabledDays.testCheckIfSomeDayCanBeReserved(TestPublicationEnabledDays.java:64)
</error>
  </testcase>
</testsuite>