<?xml version="1.0"?>
<!DOCTYPE coverage SYSTEM "http://cobertura.sourceforge.net/xml/coverage-04.dtd">

<coverage line-rate="0.8270042194092827" branch-rate="0.71875" lines-covered="196" lines-valid="237" branches-covered="23" branches-valid="32" complexity="1.0394736842105263" version="1.9.4.1" timestamp="1523322235675">
	<sources>
		<source>/home/nc/dev/dapp/dapp_carpnd/backend/carpnd/target/generated-sources/annotations</source>
		<source>--source</source>
		<source>/home/nc/dev/dapp/dapp_carpnd/backend/carpnd/src/main/java</source>
	</sources>
	<packages>
		<package name="model" line-rate="0.7906976744186046" branch-rate="0.71875" complexity="1.0681818181818181">
			<classes>
				<class name="model.AdressLocation" filename="model/AdressLocation.java" line-rate="0.0" branch-rate="1.0" complexity="0.0">
					<methods>
						<method name="&lt;init&gt;" signature="()V" line-rate="0.0" branch-rate="1.0">
							<lines>
								<line number="3" hits="0" branch="false"/>
							</lines>
						</method>
					</methods>
					<lines>
						<line number="3" hits="0" branch="false"/>
					</lines>
				</class>
				<class name="model.Cancelled" filename="model/Cancelled.java" line-rate="0.0" branch-rate="1.0" complexity="1.0">
					<methods>
						<method name="&lt;init&gt;" signature="()V" line-rate="0.0" branch-rate="1.0">
							<lines>
								<line number="3" hits="0" branch="false"/>
							</lines>
						</method>
						<method name="ownerAccepts" signature="(Lmodel/ReservationState;)V" line-rate="0.0" branch-rate="1.0">
							<lines>
								<line number="7" hits="0" branch="false"/>
							</lines>
						</method>
						<method name="ownerRejects" signature="(Lmodel/ReservationState;)V" line-rate="0.0" branch-rate="1.0">
							<lines>
								<line number="12" hits="0" branch="false"/>
							</lines>
						</method>
						<method name="userAccepts" signature="(Lmodel/ReservationState;)V" line-rate="0.0" branch-rate="1.0">
							<lines>
								<line number="17" hits="0" branch="false"/>
							</lines>
						</method>
						<method name="userRejects" signature="(Lmodel/ReservationState;)V" line-rate="0.0" branch-rate="1.0">
							<lines>
								<line number="22" hits="0" branch="false"/>
							</lines>
						</method>
					</methods>
					<lines>
						<line number="3" hits="0" branch="false"/>
						<line number="7" hits="0" branch="false"/>
						<line number="12" hits="0" branch="false"/>
						<line number="17" hits="0" branch="false"/>
						<line number="22" hits="0" branch="false"/>
					</lines>
				</class>
				<class name="model.ConfirmedByBothSides" filename="model/ConfirmedByBothSides.java" line-rate="0.0" branch-rate="1.0" complexity="1.0">
					<methods>
						<method name="&lt;init&gt;" signature="()V" line-rate="0.0" branch-rate="1.0">
							<lines>
								<line number="3" hits="0" branch="false"/>
							</lines>
						</method>
						<method name="ownerAccepts" signature="(Lmodel/ReservationState;)V" line-rate="0.0" branch-rate="1.0">
							<lines>
								<line number="8" hits="0" branch="false"/>
							</lines>
						</method>
						<method name="ownerRejects" signature="(Lmodel/ReservationState;)V" line-rate="0.0" branch-rate="1.0">
							<lines>
								<line number="13" hits="0" branch="false"/>
							</lines>
						</method>
						<method name="userAccepts" signature="(Lmodel/ReservationState;)V" line-rate="0.0" branch-rate="1.0">
							<lines>
								<line number="18" hits="0" branch="false"/>
							</lines>
						</method>
						<method name="userRejects" signature="(Lmodel/ReservationState;)V" line-rate="0.0" branch-rate="1.0">
							<lines>
								<line number="23" hits="0" branch="false"/>
							</lines>
						</method>
					</methods>
					<lines>
						<line number="3" hits="0" branch="false"/>
						<line number="8" hits="0" branch="false"/>
						<line number="13" hits="0" branch="false"/>
						<line number="18" hits="0" branch="false"/>
						<line number="23" hits="0" branch="false"/>
					</lines>
				</class>
				<class name="model.CreditAccount" filename="model/CreditAccount.java" line-rate="0.9166666666666666" branch-rate="0.25" complexity="0.0">
					<methods>
						<method name="&lt;init&gt;" signature="(Lmodel/User;)V" line-rate="1.0" branch-rate="1.0">
							<lines>
								<line number="11" hits="1" branch="false"/>
								<line number="12" hits="1" branch="false"/>
								<line number="13" hits="1" branch="false"/>
								<line number="14" hits="1" branch="false"/>
							</lines>
						</method>
						<method name="addCredit" signature="(Lmodel/MoneyAndAmount;)V" line-rate="1.0" branch-rate="1.0">
							<lines>
								<line number="21" hits="1" branch="false"/>
								<line number="22" hits="1" branch="false"/>
							</lines>
						</method>
						<method name="avaibleCredit" signature="()Lmodel/MoneyAndAmount;" line-rate="1.0" branch-rate="1.0">
							<lines>
								<line number="17" hits="2" branch="false"/>
							</lines>
						</method>
						<method name="reserveMoney" signature="(Lmodel/MoneyAndAmount;Lmodel/Reservation;)V" line-rate="0.8" branch-rate="0.25">
							<lines>
								<line number="25" hits="1" branch="true" condition-coverage="25% (1/4)">
									<conditions>
										<condition number="0" type="jump" coverage="50%"/>
										<condition number="1" type="jump" coverage="0%"/>
									</conditions>
								</line>
								<line number="26" hits="1" branch="false"/>
								<line number="27" hits="1" branch="false"/>
								<line number="29" hits="0" branch="false"/>
								<line number="31" hits="1" branch="false"/>
							</lines>
						</method>
					</methods>
					<lines>
						<line number="11" hits="1" branch="false"/>
						<line number="12" hits="1" branch="false"/>
						<line number="13" hits="1" branch="false"/>
						<line number="14" hits="1" branch="false"/>
						<line number="17" hits="2" branch="false"/>
						<line number="21" hits="1" branch="false"/>
						<line number="22" hits="1" branch="false"/>
						<line number="25" hits="1" branch="true" condition-coverage="25% (1/4)">
							<conditions>
								<condition number="0" type="jump" coverage="50%"/>
								<condition number="1" type="jump" coverage="0%"/>
							</conditions>
						</line>
						<line number="26" hits="1" branch="false"/>
						<line number="27" hits="1" branch="false"/>
						<line number="29" hits="0" branch="false"/>
						<line number="31" hits="1" branch="false"/>
					</lines>
				</class>
				<class name="model.CustomCurrencies" filename="model/CustomCurrencies.java" line-rate="1.0" branch-rate="1.0" complexity="0.0">
					<methods>
						<method name="&lt;clinit&gt;" signature="()V" line-rate="1.0" branch-rate="1.0">
							<lines>
								<line number="3" hits="2" branch="false"/>
								<line number="4" hits="1" branch="false"/>
							</lines>
						</method>
						<method name="&lt;init&gt;" signature="(Ljava/lang/String;I)V" line-rate="1.0" branch-rate="1.0">
							<lines>
							</lines>
						</method>
						<method name="valueOf" signature="(Ljava/lang/String;)Lmodel/CustomCurrencies;" line-rate="1.0" branch-rate="1.0">
							<lines>
							</lines>
						</method>
						<method name="values" signature="()[Lmodel/CustomCurrencies;" line-rate="1.0" branch-rate="1.0">
							<lines>
							</lines>
						</method>
					</methods>
					<lines>
						<line number="3" hits="2" branch="false"/>
						<line number="4" hits="1" branch="false"/>
					</lines>
				</class>
				<class name="model.MoneyAndAmount" filename="model/MoneyAndAmount.java" line-rate="0.9230769230769231" branch-rate="0.625" complexity="1.5">
					<methods>
						<method name="&lt;init&gt;" signature="(Ljava/lang/Double;Lmodel/CustomCurrencies;)V" line-rate="1.0" branch-rate="1.0">
							<lines>
								<line number="7" hits="11" branch="false"/>
								<line number="8" hits="11" branch="false"/>
								<line number="9" hits="11" branch="false"/>
								<line number="10" hits="11" branch="false"/>
							</lines>
						</method>
						<method name="add" signature="(Lmodel/MoneyAndAmount;)Lmodel/MoneyAndAmount;" line-rate="1.0" branch-rate="1.0">
							<lines>
								<line number="27" hits="1" branch="false"/>
							</lines>
						</method>
						<method name="equals" signature="(Ljava/lang/Object;)Z" line-rate="0.75" branch-rate="0.6666666666666666">
							<lines>
								<line number="18" hits="6" branch="true" condition-coverage="50% (1/2)">
									<conditions>
										<condition number="0" type="jump" coverage="50%"/>
									</conditions>
								</line>
								<line number="19" hits="6" branch="false"/>
								<line number="20" hits="6" branch="true" condition-coverage="75% (3/4)">
									<conditions>
										<condition number="0" type="jump" coverage="50%"/>
										<condition number="1" type="jump" coverage="100%"/>
									</conditions>
								</line>
								<line number="22" hits="0" branch="false"/>
							</lines>
						</method>
						<method name="isMayorTo" signature="(Lmodel/MoneyAndAmount;)Z" line-rate="1.0" branch-rate="0.5">
							<lines>
								<line number="31" hits="1" branch="true" condition-coverage="50% (1/2)">
									<conditions>
										<condition number="0" type="jump" coverage="50%"/>
									</conditions>
								</line>
							</lines>
						</method>
						<method name="plusBy" signature="(Ljava/lang/Double;)Lmodel/MoneyAndAmount;" line-rate="1.0" branch-rate="1.0">
							<lines>
								<line number="13" hits="1" branch="false"/>
							</lines>
						</method>
						<method name="subtract" signature="(Lmodel/MoneyAndAmount;)V" line-rate="1.0" branch-rate="1.0">
							<lines>
								<line number="35" hits="1" branch="false"/>
								<line number="36" hits="1" branch="false"/>
							</lines>
						</method>
					</methods>
					<lines>
						<line number="7" hits="11" branch="false"/>
						<line number="8" hits="11" branch="false"/>
						<line number="9" hits="11" branch="false"/>
						<line number="10" hits="11" branch="false"/>
						<line number="13" hits="1" branch="false"/>
						<line number="18" hits="6" branch="true" condition-coverage="50% (1/2)">
							<conditions>
								<condition number="0" type="jump" coverage="50%"/>
							</conditions>
						</line>
						<line number="19" hits="6" branch="false"/>
						<line number="20" hits="6" branch="true" condition-coverage="75% (3/4)">
							<conditions>
								<condition number="0" type="jump" coverage="50%"/>
								<condition number="1" type="jump" coverage="100%"/>
							</conditions>
						</line>
						<line number="22" hits="0" branch="false"/>
						<line number="27" hits="1" branch="false"/>
						<line number="31" hits="1" branch="true" condition-coverage="50% (1/2)">
							<conditions>
								<condition number="0" type="jump" coverage="50%"/>
							</conditions>
						</line>
						<line number="35" hits="1" branch="false"/>
						<line number="36" hits="1" branch="false"/>
					</lines>
				</class>
				<class name="model.Publication" filename="model/Publication.java" line-rate="1.0" branch-rate="1.0" complexity="0.0">
					<methods>
						<method name="&lt;init&gt;" signature="(Lmodel/User;Lmodel/MoneyAndAmount;Lmodel/Vehicle;Lmodel/AdressLocation;Ljava/util/LinkedList;Lmodel/PublicationsEnabledDays;)V" line-rate="1.0" branch-rate="1.0">
							<lines>
								<line number="23" hits="6" branch="false"/>
								<line number="24" hits="6" branch="false"/>
								<line number="25" hits="6" branch="false"/>
								<line number="26" hits="6" branch="false"/>
								<line number="27" hits="6" branch="false"/>
								<line number="28" hits="6" branch="false"/>
								<line number="29" hits="6" branch="false"/>
								<line number="30" hits="6" branch="false"/>
								<line number="32" hits="6" branch="false"/>
							</lines>
						</method>
						<method name="canReserve" signature="(Ljava/time/LocalDate;)Z" line-rate="1.0" branch-rate="1.0">
							<lines>
								<line number="70" hits="6" branch="false"/>
							</lines>
						</method>
						<method name="disabledDays" signature="(Ljava/util/LinkedList;)V" line-rate="1.0" branch-rate="1.0">
							<lines>
								<line number="78" hits="1" branch="false"/>
								<line number="79" hits="1" branch="false"/>
							</lines>
						</method>
						<method name="getAcquireLocation" signature="()Lmodel/AdressLocation;" line-rate="1.0" branch-rate="1.0">
							<lines>
								<line number="47" hits="1" branch="false"/>
							</lines>
						</method>
						<method name="getAvaiblesDays" signature="()Lmodel/PublicationsEnabledDays;" line-rate="1.0" branch-rate="1.0">
							<lines>
								<line number="55" hits="1" branch="false"/>
							</lines>
						</method>
						<method name="getCostPerHour" signature="()Lmodel/MoneyAndAmount;" line-rate="1.0" branch-rate="1.0">
							<lines>
								<line number="35" hits="4" branch="false"/>
							</lines>
						</method>
						<method name="getOwner" signature="()Lmodel/User;" line-rate="1.0" branch-rate="1.0">
							<lines>
								<line number="39" hits="1" branch="false"/>
							</lines>
						</method>
						<method name="getReservedPublicationList" signature="()Ljava/util/List;" line-rate="1.0" branch-rate="1.0">
							<lines>
								<line number="65" hits="1" branch="false"/>
							</lines>
						</method>
						<method name="getReturnLocations" signature="()Ljava/util/LinkedList;" line-rate="1.0" branch-rate="1.0">
							<lines>
								<line number="51" hits="1" branch="false"/>
							</lines>
						</method>
						<method name="getVehicle" signature="()Lmodel/Vehicle;" line-rate="1.0" branch-rate="1.0">
							<lines>
								<line number="43" hits="1" branch="false"/>
							</lines>
						</method>
						<method name="makeReservation" signature="(Lmodel/User;Ljava/util/LinkedList;)V" line-rate="1.0" branch-rate="1.0">
							<lines>
								<line number="59" hits="5" branch="false"/>
								<line number="60" hits="3" branch="false"/>
								<line number="61" hits="3" branch="false"/>
								<line number="62" hits="3" branch="false"/>
							</lines>
						</method>
						<method name="releaseDays" signature="(Ljava/util/LinkedList;)V" line-rate="1.0" branch-rate="1.0">
							<lines>
								<line number="74" hits="1" branch="false"/>
								<line number="75" hits="1" branch="false"/>
							</lines>
						</method>
					</methods>
					<lines>
						<line number="23" hits="6" branch="false"/>
						<line number="24" hits="6" branch="false"/>
						<line number="25" hits="6" branch="false"/>
						<line number="26" hits="6" branch="false"/>
						<line number="27" hits="6" branch="false"/>
						<line number="28" hits="6" branch="false"/>
						<line number="29" hits="6" branch="false"/>
						<line number="30" hits="6" branch="false"/>
						<line number="32" hits="6" branch="false"/>
						<line number="35" hits="4" branch="false"/>
						<line number="39" hits="1" branch="false"/>
						<line number="43" hits="1" branch="false"/>
						<line number="47" hits="1" branch="false"/>
						<line number="51" hits="1" branch="false"/>
						<line number="55" hits="1" branch="false"/>
						<line number="59" hits="5" branch="false"/>
						<line number="60" hits="3" branch="false"/>
						<line number="61" hits="3" branch="false"/>
						<line number="62" hits="3" branch="false"/>
						<line number="65" hits="1" branch="false"/>
						<line number="70" hits="6" branch="false"/>
						<line number="74" hits="1" branch="false"/>
						<line number="75" hits="1" branch="false"/>
						<line number="78" hits="1" branch="false"/>
						<line number="79" hits="1" branch="false"/>
					</lines>
				</class>
				<class name="model.PublicationsEnabledDays" filename="model/PublicationsEnabledDays.java" line-rate="0.9411764705882353" branch-rate="0.85" complexity="0.0">
					<methods>
						<method name="&lt;init&gt;" signature="()V" line-rate="1.0" branch-rate="1.0">
							<lines>
								<line number="14" hits="10" branch="false"/>
								<line number="15" hits="10" branch="false"/>
								<line number="16" hits="10" branch="false"/>
								<line number="17" hits="10" branch="false"/>
							</lines>
						</method>
						<method name="canReserve" signature="(Ljava/time/LocalDate;)Z" line-rate="1.0" branch-rate="0.75">
							<lines>
								<line number="41" hits="8" branch="true" condition-coverage="75% (3/4)">
									<conditions>
										<condition number="0" type="jump" coverage="100%"/>
										<condition number="1" type="jump" coverage="50%"/>
									</conditions>
								</line>
							</lines>
						</method>
						<method name="disableDays" signature="(Ljava/util/LinkedList;)V" line-rate="1.0" branch-rate="1.0">
							<lines>
								<line number="68" hits="1" branch="true" condition-coverage="100% (2/2)">
									<conditions>
										<condition number="0" type="jump" coverage="100%"/>
									</conditions>
								</line>
								<line number="69" hits="3" branch="false"/>
								<line number="70" hits="3" branch="false"/>
								<line number="71" hits="1" branch="false"/>
							</lines>
						</method>
						<method name="getDisabledDays" signature="()Ljava/util/List;" line-rate="1.0" branch-rate="1.0">
							<lines>
								<line number="20" hits="1" branch="false"/>
							</lines>
						</method>
						<method name="releaseDay" signature="(Ljava/time/LocalDate;)V" line-rate="0.75" branch-rate="0.5">
							<lines>
								<line number="45" hits="4" branch="true" condition-coverage="50% (1/2)">
									<conditions>
										<condition number="0" type="jump" coverage="50%"/>
									</conditions>
								</line>
								<line number="46" hits="0" branch="false"/>
								<line number="48" hits="4" branch="false"/>
								<line number="50" hits="4" branch="false"/>
							</lines>
						</method>
						<method name="releaseDays" signature="(Ljava/util/LinkedList;)V" line-rate="1.0" branch-rate="1.0">
							<lines>
								<line number="62" hits="1" branch="true" condition-coverage="100% (2/2)">
									<conditions>
										<condition number="0" type="jump" coverage="100%"/>
									</conditions>
								</line>
								<line number="63" hits="3" branch="false"/>
								<line number="64" hits="3" branch="false"/>
								<line number="65" hits="1" branch="false"/>
							</lines>
						</method>
						<method name="reserveDay" signature="(Ljava/time/LocalDate;)V" line-rate="1.0" branch-rate="1.0">
							<lines>
								<line number="24" hits="15" branch="true" condition-coverage="100% (2/2)">
									<conditions>
										<condition number="0" type="jump" coverage="100%"/>
									</conditions>
								</line>
								<line number="25" hits="5" branch="false"/>
								<line number="27" hits="10" branch="true" condition-coverage="100% (2/2)">
									<conditions>
										<condition number="0" type="jump" coverage="100%"/>
									</conditions>
								</line>
								<line number="28" hits="1" branch="false"/>
								<line number="30" hits="9" branch="false"/>
								<line number="31" hits="9" branch="false"/>
							</lines>
						</method>
						<method name="reserveDays" signature="(Ljava/util/LinkedList;)V" line-rate="1.0" branch-rate="1.0">
							<lines>
								<line number="53" hits="4" branch="true" condition-coverage="100% (2/2)">
									<conditions>
										<condition number="0" type="jump" coverage="100%"/>
									</conditions>
								</line>
								<line number="54" hits="1" branch="false"/>
								<line number="56" hits="3" branch="true" condition-coverage="100% (2/2)">
									<conditions>
										<condition number="0" type="jump" coverage="100%"/>
									</conditions>
								</line>
								<line number="57" hits="7" branch="false"/>
								<line number="58" hits="6" branch="false"/>
								<line number="59" hits="2" branch="false"/>
							</lines>
						</method>
						<method name="setDisabled" signature="(Ljava/time/LocalDate;)V" line-rate="0.75" branch-rate="0.5">
							<lines>
								<line number="34" hits="7" branch="true" condition-coverage="50% (1/2)">
									<conditions>
										<condition number="0" type="jump" coverage="50%"/>
									</conditions>
								</line>
								<line number="35" hits="0" branch="false"/>
								<line number="37" hits="7" branch="false"/>
								<line number="38" hits="7" branch="false"/>
							</lines>
						</method>
					</methods>
					<lines>
						<line number="14" hits="10" branch="false"/>
						<line number="15" hits="10" branch="false"/>
						<line number="16" hits="10" branch="false"/>
						<line number="17" hits="10" branch="false"/>
						<line number="20" hits="1" branch="false"/>
						<line number="24" hits="15" branch="true" condition-coverage="100% (2/2)">
							<conditions>
								<condition number="0" type="jump" coverage="100%"/>
							</conditions>
						</line>
						<line number="25" hits="5" branch="false"/>
						<line number="27" hits="10" branch="true" condition-coverage="100% (2/2)">
							<conditions>
								<condition number="0" type="jump" coverage="100%"/>
							</conditions>
						</line>
						<line number="28" hits="1" branch="false"/>
						<line number="30" hits="9" branch="false"/>
						<line number="31" hits="9" branch="false"/>
						<line number="34" hits="7" branch="true" condition-coverage="50% (1/2)">
							<conditions>
								<condition number="0" type="jump" coverage="50%"/>
							</conditions>
						</line>
						<line number="35" hits="0" branch="false"/>
						<line number="37" hits="7" branch="false"/>
						<line number="38" hits="7" branch="false"/>
						<line number="41" hits="8" branch="true" condition-coverage="75% (3/4)">
							<conditions>
								<condition number="0" type="jump" coverage="100%"/>
								<condition number="1" type="jump" coverage="50%"/>
							</conditions>
						</line>
						<line number="45" hits="4" branch="true" condition-coverage="50% (1/2)">
							<conditions>
								<condition number="0" type="jump" coverage="50%"/>
							</conditions>
						</line>
						<line number="46" hits="0" branch="false"/>
						<line number="48" hits="4" branch="false"/>
						<line number="50" hits="4" branch="false"/>
						<line number="53" hits="4" branch="true" condition-coverage="100% (2/2)">
							<conditions>
								<condition number="0" type="jump" coverage="100%"/>
							</conditions>
						</line>
						<line number="54" hits="1" branch="false"/>
						<line number="56" hits="3" branch="true" condition-coverage="100% (2/2)">
							<conditions>
								<condition number="0" type="jump" coverage="100%"/>
							</conditions>
						</line>
						<line number="57" hits="7" branch="false"/>
						<line number="58" hits="6" branch="false"/>
						<line number="59" hits="2" branch="false"/>
						<line number="62" hits="1" branch="true" condition-coverage="100% (2/2)">
							<conditions>
								<condition number="0" type="jump" coverage="100%"/>
							</conditions>
						</line>
						<line number="63" hits="3" branch="false"/>
						<line number="64" hits="3" branch="false"/>
						<line number="65" hits="1" branch="false"/>
						<line number="68" hits="1" branch="true" condition-coverage="100% (2/2)">
							<conditions>
								<condition number="0" type="jump" coverage="100%"/>
							</conditions>
						</line>
						<line number="69" hits="3" branch="false"/>
						<line number="70" hits="3" branch="false"/>
						<line number="71" hits="1" branch="false"/>
					</lines>
				</class>
				<class name="model.Rejected" filename="model/Rejected.java" line-rate="0.0" branch-rate="1.0" complexity="1.0">
					<methods>
						<method name="&lt;init&gt;" signature="()V" line-rate="0.0" branch-rate="1.0">
							<lines>
								<line number="3" hits="0" branch="false"/>
							</lines>
						</method>
						<method name="ownerAccepts" signature="(Lmodel/ReservationState;)V" line-rate="0.0" branch-rate="1.0">
							<lines>
								<line number="7" hits="0" branch="false"/>
							</lines>
						</method>
						<method name="ownerRejects" signature="(Lmodel/ReservationState;)V" line-rate="0.0" branch-rate="1.0">
							<lines>
								<line number="12" hits="0" branch="false"/>
							</lines>
						</method>
						<method name="userAccepts" signature="(Lmodel/ReservationState;)V" line-rate="0.0" branch-rate="1.0">
							<lines>
								<line number="17" hits="0" branch="false"/>
							</lines>
						</method>
						<method name="userRejects" signature="(Lmodel/ReservationState;)V" line-rate="0.0" branch-rate="1.0">
							<lines>
								<line number="22" hits="0" branch="false"/>
							</lines>
						</method>
					</methods>
					<lines>
						<line number="3" hits="0" branch="false"/>
						<line number="7" hits="0" branch="false"/>
						<line number="12" hits="0" branch="false"/>
						<line number="17" hits="0" branch="false"/>
						<line number="22" hits="0" branch="false"/>
					</lines>
				</class>
				<class name="model.Reservation" filename="model/Reservation.java" line-rate="1.0" branch-rate="1.0" complexity="1.0">
					<methods>
						<method name="&lt;init&gt;" signature="(Lmodel/User;Lmodel/User;Ljava/time/LocalDateTime;Lmodel/AdressLocation;Ljava/time/LocalDateTime;Lmodel/AdressLocation;Lmodel/ReservedPublication;)V" line-rate="1.0" branch-rate="1.0">
							<lines>
								<line number="22" hits="3" branch="false"/>
								<line number="23" hits="3" branch="false"/>
								<line number="24" hits="3" branch="false"/>
								<line number="25" hits="3" branch="false"/>
								<line number="26" hits="3" branch="false"/>
								<line number="27" hits="3" branch="false"/>
								<line number="28" hits="3" branch="false"/>
								<line number="29" hits="3" branch="false"/>
								<line number="30" hits="3" branch="false"/>
								<line number="31" hits="3" branch="false"/>
							</lines>
						</method>
						<method name="finalPrice" signature="()Lmodel/MoneyAndAmount;" line-rate="1.0" branch-rate="1.0">
							<lines>
								<line number="34" hits="1" branch="false"/>
								<line number="35" hits="1" branch="false"/>
								<line number="36" hits="1" branch="false"/>
								<line number="37" hits="1" branch="false"/>
							</lines>
						</method>
					</methods>
					<lines>
						<line number="22" hits="3" branch="false"/>
						<line number="23" hits="3" branch="false"/>
						<line number="24" hits="3" branch="false"/>
						<line number="25" hits="3" branch="false"/>
						<line number="26" hits="3" branch="false"/>
						<line number="27" hits="3" branch="false"/>
						<line number="28" hits="3" branch="false"/>
						<line number="29" hits="3" branch="false"/>
						<line number="30" hits="3" branch="false"/>
						<line number="31" hits="3" branch="false"/>
						<line number="34" hits="1" branch="false"/>
						<line number="35" hits="1" branch="false"/>
						<line number="36" hits="1" branch="false"/>
						<line number="37" hits="1" branch="false"/>
					</lines>
				</class>
				<class name="model.ReservationMoney" filename="model/ReservationMoney.java" line-rate="1.0" branch-rate="1.0" complexity="1.0">
					<methods>
						<method name="&lt;init&gt;" signature="(Lmodel/MoneyAndAmount;Lmodel/Reservation;)V" line-rate="1.0" branch-rate="1.0">
							<lines>
								<line number="7" hits="1" branch="false"/>
								<line number="8" hits="1" branch="false"/>
								<line number="9" hits="1" branch="false"/>
								<line number="10" hits="1" branch="false"/>
							</lines>
						</method>
					</methods>
					<lines>
						<line number="7" hits="1" branch="false"/>
						<line number="8" hits="1" branch="false"/>
						<line number="9" hits="1" branch="false"/>
						<line number="10" hits="1" branch="false"/>
					</lines>
				</class>
				<class name="model.ReservationState" filename="model/ReservationState.java" line-rate="0.38461538461538464" branch-rate="1.0" complexity="1.0">
					<methods>
						<method name="&lt;init&gt;" signature="()V" line-rate="1.0" branch-rate="1.0">
							<lines>
								<line number="7" hits="3" branch="false"/>
								<line number="8" hits="3" branch="false"/>
								<line number="9" hits="3" branch="false"/>
							</lines>
						</method>
						<method name="ownerAccepts" signature="(Lmodel/Reservation;)V" line-rate="0.0" branch-rate="1.0">
							<lines>
								<line number="16" hits="0" branch="false"/>
								<line number="17" hits="0" branch="false"/>
							</lines>
						</method>
						<method name="ownerRejects" signature="(Lmodel/Reservation;)V" line-rate="0.0" branch-rate="1.0">
							<lines>
								<line number="20" hits="0" branch="false"/>
								<line number="21" hits="0" branch="false"/>
							</lines>
						</method>
						<method name="setState" signature="(Lmodel/StateNode;)V" line-rate="1.0" branch-rate="1.0">
							<lines>
								<line number="12" hits="3" branch="false"/>
								<line number="13" hits="3" branch="false"/>
							</lines>
						</method>
						<method name="userAccepts" signature="(Lmodel/Reservation;)V" line-rate="0.0" branch-rate="1.0">
							<lines>
								<line number="24" hits="0" branch="false"/>
								<line number="25" hits="0" branch="false"/>
							</lines>
						</method>
						<method name="userRejects" signature="(Lmodel/Reservation;)V" line-rate="0.0" branch-rate="1.0">
							<lines>
								<line number="28" hits="0" branch="false"/>
								<line number="29" hits="0" branch="false"/>
							</lines>
						</method>
					</methods>
					<lines>
						<line number="7" hits="3" branch="false"/>
						<line number="8" hits="3" branch="false"/>
						<line number="9" hits="3" branch="false"/>
						<line number="12" hits="3" branch="false"/>
						<line number="13" hits="3" branch="false"/>
						<line number="16" hits="0" branch="false"/>
						<line number="17" hits="0" branch="false"/>
						<line number="20" hits="0" branch="false"/>
						<line number="21" hits="0" branch="false"/>
						<line number="24" hits="0" branch="false"/>
						<line number="25" hits="0" branch="false"/>
						<line number="28" hits="0" branch="false"/>
						<line number="29" hits="0" branch="false"/>
					</lines>
				</class>
				<class name="model.ReservedPublication" filename="model/ReservedPublication.java" line-rate="1.0" branch-rate="1.0" complexity="1.0">
					<methods>
						<method name="&lt;init&gt;" signature="(Lmodel/Publication;Ljava/util/List;Lmodel/User;)V" line-rate="1.0" branch-rate="1.0">
							<lines>
								<line number="12" hits="6" branch="false"/>
								<line number="13" hits="6" branch="false"/>
								<line number="14" hits="6" branch="false"/>
								<line number="15" hits="6" branch="false"/>
								<line number="16" hits="5" branch="false"/>
								<line number="17" hits="5" branch="false"/>
							</lines>
						</method>
						<method name="getCostPerHour" signature="()Lmodel/MoneyAndAmount;" line-rate="1.0" branch-rate="1.0">
							<lines>
								<line number="20" hits="3" branch="false"/>
							</lines>
						</method>
						<method name="getCustomer" signature="()Lmodel/User;" line-rate="1.0" branch-rate="1.0">
							<lines>
								<line number="24" hits="1" branch="false"/>
							</lines>
						</method>
						<method name="getReservedDays" signature="()Ljava/util/List;" line-rate="1.0" branch-rate="1.0">
							<lines>
								<line number="28" hits="1" branch="false"/>
							</lines>
						</method>
					</methods>
					<lines>
						<line number="12" hits="6" branch="false"/>
						<line number="13" hits="6" branch="false"/>
						<line number="14" hits="6" branch="false"/>
						<line number="15" hits="6" branch="false"/>
						<line number="16" hits="5" branch="false"/>
						<line number="17" hits="5" branch="false"/>
						<line number="20" hits="3" branch="false"/>
						<line number="24" hits="1" branch="false"/>
						<line number="28" hits="1" branch="false"/>
					</lines>
				</class>
				<class name="model.StateNode" filename="model/StateNode.java" line-rate="1.0" branch-rate="1.0" complexity="1.0">
					<methods>
						<method name="&lt;init&gt;" signature="()V" line-rate="1.0" branch-rate="1.0">
							<lines>
								<line number="3" hits="3" branch="false"/>
							</lines>
						</method>
					</methods>
					<lines>
						<line number="3" hits="3" branch="false"/>
					</lines>
				</class>
				<class name="model.SystemRateManager" filename="model/SystemRateManager.java" line-rate="1.0" branch-rate="1.0" complexity="1.0">
					<methods>
						<method name="&lt;init&gt;" signature="()V" line-rate="1.0" branch-rate="1.0">
							<lines>
								<line number="8" hits="4" branch="false"/>
								<line number="9" hits="4" branch="false"/>
								<line number="10" hits="4" branch="false"/>
								<line number="11" hits="4" branch="false"/>
							</lines>
						</method>
					</methods>
					<lines>
						<line number="8" hits="4" branch="false"/>
						<line number="9" hits="4" branch="false"/>
						<line number="10" hits="4" branch="false"/>
						<line number="11" hits="4" branch="false"/>
					</lines>
				</class>
				<class name="model.Telephone" filename="model/Telephone.java" line-rate="0.0" branch-rate="1.0" complexity="0.0">
					<methods>
						<method name="&lt;init&gt;" signature="()V" line-rate="0.0" branch-rate="1.0">
							<lines>
								<line number="3" hits="0" branch="false"/>
							</lines>
						</method>
					</methods>
					<lines>
						<line number="3" hits="0" branch="false"/>
					</lines>
				</class>
				<class name="model.User" filename="model/User.java" line-rate="1.0" branch-rate="1.0" complexity="1.0">
					<methods>
						<method name="&lt;init&gt;" signature="(Ljava/lang/String;Ljava/lang/String;Ljava/lang/String;Ljava/lang/String;)V" line-rate="1.0" branch-rate="1.0">
							<lines>
								<line number="12" hits="4" branch="false"/>
								<line number="13" hits="4" branch="false"/>
								<line number="14" hits="4" branch="false"/>
								<line number="15" hits="4" branch="false"/>
								<line number="16" hits="4" branch="false"/>
								<line number="17" hits="4" branch="false"/>
								<line number="18" hits="4" branch="false"/>
							</lines>
						</method>
						<method name="customerRate" signature="()Ljava/lang/Long;" line-rate="1.0" branch-rate="1.0">
							<lines>
								<line number="33" hits="2" branch="false"/>
							</lines>
						</method>
						<method name="ownerRate" signature="()Ljava/lang/Long;" line-rate="1.0" branch-rate="1.0">
							<lines>
								<line number="25" hits="2" branch="false"/>
							</lines>
						</method>
					</methods>
					<lines>
						<line number="12" hits="4" branch="false"/>
						<line number="13" hits="4" branch="false"/>
						<line number="14" hits="4" branch="false"/>
						<line number="15" hits="4" branch="false"/>
						<line number="16" hits="4" branch="false"/>
						<line number="17" hits="4" branch="false"/>
						<line number="18" hits="4" branch="false"/>
						<line number="25" hits="2" branch="false"/>
						<line number="33" hits="2" branch="false"/>
					</lines>
				</class>
				<class name="model.Vehicle" filename="model/Vehicle.java" line-rate="1.0" branch-rate="1.0" complexity="1.0">
					<methods>
						<method name="&lt;init&gt;" signature="(ILjava/lang/String;Ljava/lang/String;Ljava/lang/String;)V" line-rate="1.0" branch-rate="1.0">
							<lines>
								<line number="10" hits="2" branch="false"/>
								<line number="11" hits="2" branch="false"/>
								<line number="12" hits="2" branch="false"/>
								<line number="13" hits="2" branch="false"/>
								<line number="14" hits="2" branch="false"/>
								<line number="15" hits="2" branch="false"/>
							</lines>
						</method>
					</methods>
					<lines>
						<line number="10" hits="2" branch="false"/>
						<line number="11" hits="2" branch="false"/>
						<line number="12" hits="2" branch="false"/>
						<line number="13" hits="2" branch="false"/>
						<line number="14" hits="2" branch="false"/>
						<line number="15" hits="2" branch="false"/>
					</lines>
				</class>
				<class name="model.WaitingForOwner" filename="model/WaitingForOwner.java" line-rate="0.125" branch-rate="1.0" complexity="1.0">
					<methods>
						<method name="&lt;init&gt;" signature="()V" line-rate="1.0" branch-rate="1.0">
							<lines>
								<line number="3" hits="3" branch="false"/>
							</lines>
						</method>
						<method name="ownerAccepts" signature="(Lmodel/ReservationState;)V" line-rate="0.0" branch-rate="1.0">
							<lines>
								<line number="5" hits="0" branch="false"/>
								<line number="6" hits="0" branch="false"/>
							</lines>
						</method>
						<method name="ownerRejects" signature="(Lmodel/ReservationState;)V" line-rate="0.0" branch-rate="1.0">
							<lines>
								<line number="9" hits="0" branch="false"/>
								<line number="10" hits="0" branch="false"/>
							</lines>
						</method>
						<method name="userAccepts" signature="(Lmodel/ReservationState;)V" line-rate="0.0" branch-rate="1.0">
							<lines>
								<line number="14" hits="0" branch="false"/>
							</lines>
						</method>
						<method name="userRejects" signature="(Lmodel/ReservationState;)V" line-rate="0.0" branch-rate="1.0">
							<lines>
								<line number="17" hits="0" branch="false"/>
								<line number="18" hits="0" branch="false"/>
							</lines>
						</method>
					</methods>
					<lines>
						<line number="3" hits="3" branch="false"/>
						<line number="5" hits="0" branch="false"/>
						<line number="6" hits="0" branch="false"/>
						<line number="9" hits="0" branch="false"/>
						<line number="10" hits="0" branch="false"/>
						<line number="14" hits="0" branch="false"/>
						<line number="17" hits="0" branch="false"/>
						<line number="18" hits="0" branch="false"/>
					</lines>
				</class>
				<class name="model.WaitingForOwnerState" filename="model/WaitingForOwnerState.java" line-rate="1.0" branch-rate="1.0" complexity="0.0">
					<methods>
						<method name="&lt;init&gt;" signature="()V" line-rate="1.0" branch-rate="1.0">
							<lines>
								<line number="3" hits="3" branch="false"/>
							</lines>
						</method>
					</methods>
					<lines>
						<line number="3" hits="3" branch="false"/>
					</lines>
				</class>
			</classes>
		</package>
		<package name="model.exceptions" line-rate="0.5" branch-rate="1.0" complexity="0.0">
			<classes>
				<class name="model.exceptions.DayAlreadyDisabledException" filename="model/exceptions/DayAlreadyDisabledException.java" line-rate="0.0" branch-rate="1.0" complexity="0.0">
					<methods>
						<method name="&lt;init&gt;" signature="()V" line-rate="0.0" branch-rate="1.0">
							<lines>
								<line number="3" hits="0" branch="false"/>
							</lines>
						</method>
					</methods>
					<lines>
						<line number="3" hits="0" branch="false"/>
					</lines>
				</class>
				<class name="model.exceptions.DayAlreadyReservedException" filename="model/exceptions/DayAlreadyReservedException.java" line-rate="1.0" branch-rate="1.0" complexity="0.0">
					<methods>
						<method name="&lt;init&gt;" signature="()V" line-rate="1.0" branch-rate="1.0">
							<lines>
								<line number="3" hits="1" branch="false"/>
							</lines>
						</method>
					</methods>
					<lines>
						<line number="3" hits="1" branch="false"/>
					</lines>
				</class>
				<class name="model.exceptions.DayDisabledException" filename="model/exceptions/DayDisabledException.java" line-rate="1.0" branch-rate="1.0" complexity="0.0">
					<methods>
						<method name="&lt;init&gt;" signature="()V" line-rate="1.0" branch-rate="1.0">
							<lines>
								<line number="3" hits="5" branch="false"/>
							</lines>
						</method>
					</methods>
					<lines>
						<line number="3" hits="5" branch="false"/>
					</lines>
				</class>
				<class name="model.exceptions.DayNotReservedException" filename="model/exceptions/DayNotReservedException.java" line-rate="0.0" branch-rate="1.0" complexity="0.0">
					<methods>
						<method name="&lt;init&gt;" signature="()V" line-rate="0.0" branch-rate="1.0">
							<lines>
								<line number="3" hits="0" branch="false"/>
							</lines>
						</method>
					</methods>
					<lines>
						<line number="3" hits="0" branch="false"/>
					</lines>
				</class>
				<class name="model.exceptions.InvalidAmountOfDaysToReserveException" filename="model/exceptions/InvalidAmountOfDaysToReserveException.java" line-rate="1.0" branch-rate="1.0" complexity="0.0">
					<methods>
						<method name="&lt;init&gt;" signature="()V" line-rate="1.0" branch-rate="1.0">
							<lines>
								<line number="3" hits="1" branch="false"/>
							</lines>
						</method>
					</methods>
					<lines>
						<line number="3" hits="1" branch="false"/>
					</lines>
				</class>
				<class name="model.exceptions.NotEnoughCreditException" filename="model/exceptions/NotEnoughCreditException.java" line-rate="0.0" branch-rate="1.0" complexity="0.0">
					<methods>
						<method name="&lt;init&gt;" signature="()V" line-rate="0.0" branch-rate="1.0">
							<lines>
								<line number="3" hits="0" branch="false"/>
							</lines>
						</method>
					</methods>
					<lines>
						<line number="3" hits="0" branch="false"/>
					</lines>
				</class>
			</classes>
		</package>
		<package name="utils" line-rate="0.0" branch-rate="1.0" complexity="0.0">
			<classes>
				<class name="utils.asdasd" filename="utils/asdasd.java" line-rate="0.0" branch-rate="1.0" complexity="0.0">
					<methods>
						<method name="&lt;init&gt;" signature="()V" line-rate="0.0" branch-rate="1.0">
							<lines>
								<line number="3" hits="0" branch="false"/>
							</lines>
						</method>
					</methods>
					<lines>
						<line number="3" hits="0" branch="false"/>
					</lines>
				</class>
			</classes>
		</package>
		<package name="utils.builders" line-rate="0.9827586206896551" branch-rate="1.0" complexity="1.0">
			<classes>
				<class name="utils.builders.PublicationBuilder" filename="utils/builders/PublicationBuilder.java" line-rate="1.0" branch-rate="1.0" complexity="1.0">
					<methods>
						<method name="&lt;init&gt;" signature="()V" line-rate="1.0" branch-rate="1.0">
							<lines>
								<line number="7" hits="6" branch="false"/>
							</lines>
						</method>
						<method name="build" signature="()Lmodel/Publication;" line-rate="1.0" branch-rate="1.0">
							<lines>
								<line number="17" hits="6" branch="false"/>
							</lines>
						</method>
						<method name="start" signature="()Lutils/builders/PublicationBuilder;" line-rate="1.0" branch-rate="1.0">
							<lines>
								<line number="23" hits="6" branch="false"/>
							</lines>
						</method>
						<method name="withAcquireLocation" signature="(Lmodel/AdressLocation;)Lutils/builders/PublicationBuilder;" line-rate="1.0" branch-rate="1.0">
							<lines>
								<line number="42" hits="6" branch="false"/>
								<line number="43" hits="6" branch="false"/>
							</lines>
						</method>
						<method name="withAvaibleDays" signature="(Lmodel/PublicationsEnabledDays;)Lutils/builders/PublicationBuilder;" line-rate="1.0" branch-rate="1.0">
							<lines>
								<line number="52" hits="6" branch="false"/>
								<line number="53" hits="6" branch="false"/>
							</lines>
						</method>
						<method name="withContactPhone" signature="(Lmodel/Telephone;)Lutils/builders/PublicationBuilder;" line-rate="1.0" branch-rate="1.0">
							<lines>
								<line number="57" hits="6" branch="false"/>
								<line number="58" hits="6" branch="false"/>
							</lines>
						</method>
						<method name="withOwner" signature="(Lmodel/User;)Lutils/builders/PublicationBuilder;" line-rate="1.0" branch-rate="1.0">
							<lines>
								<line number="27" hits="6" branch="false"/>
								<line number="28" hits="6" branch="false"/>
							</lines>
						</method>
						<method name="withPricePerHour" signature="(Lmodel/MoneyAndAmount;)Lutils/builders/PublicationBuilder;" line-rate="1.0" branch-rate="1.0">
							<lines>
								<line number="32" hits="6" branch="false"/>
								<line number="33" hits="6" branch="false"/>
							</lines>
						</method>
						<method name="withRestoreLocations" signature="(Ljava/util/LinkedList;)Lutils/builders/PublicationBuilder;" line-rate="1.0" branch-rate="1.0">
							<lines>
								<line number="47" hits="6" branch="false"/>
								<line number="48" hits="6" branch="false"/>
							</lines>
						</method>
						<method name="withVehicle" signature="(Lmodel/Vehicle;)Lutils/builders/PublicationBuilder;" line-rate="1.0" branch-rate="1.0">
							<lines>
								<line number="37" hits="6" branch="false"/>
								<line number="38" hits="6" branch="false"/>
							</lines>
						</method>
					</methods>
					<lines>
						<line number="7" hits="6" branch="false"/>
						<line number="17" hits="6" branch="false"/>
						<line number="23" hits="6" branch="false"/>
						<line number="27" hits="6" branch="false"/>
						<line number="28" hits="6" branch="false"/>
						<line number="32" hits="6" branch="false"/>
						<line number="33" hits="6" branch="false"/>
						<line number="37" hits="6" branch="false"/>
						<line number="38" hits="6" branch="false"/>
						<line number="42" hits="6" branch="false"/>
						<line number="43" hits="6" branch="false"/>
						<line number="47" hits="6" branch="false"/>
						<line number="48" hits="6" branch="false"/>
						<line number="52" hits="6" branch="false"/>
						<line number="53" hits="6" branch="false"/>
						<line number="57" hits="6" branch="false"/>
						<line number="58" hits="6" branch="false"/>
					</lines>
				</class>
				<class name="utils.builders.ReservationBuilder" filename="utils/builders/ReservationBuilder.java" line-rate="1.0" branch-rate="1.0" complexity="1.0">
					<methods>
						<method name="&lt;init&gt;" signature="()V" line-rate="1.0" branch-rate="1.0">
							<lines>
								<line number="7" hits="3" branch="false"/>
							</lines>
						</method>
						<method name="build" signature="()Lmodel/Reservation;" line-rate="1.0" branch-rate="1.0">
							<lines>
								<line number="26" hits="3" branch="false"/>
							</lines>
						</method>
						<method name="start" signature="()Lutils/builders/ReservationBuilder;" line-rate="1.0" branch-rate="1.0">
							<lines>
								<line number="17" hits="3" branch="false"/>
							</lines>
						</method>
						<method name="withAcquireLocation" signature="(Lmodel/AdressLocation;)Lutils/builders/ReservationBuilder;" line-rate="1.0" branch-rate="1.0">
							<lines>
								<line number="40" hits="3" branch="false"/>
								<line number="41" hits="3" branch="false"/>
							</lines>
						</method>
						<method name="withAcquireTime" signature="(Ljava/time/LocalDateTime;)Lutils/builders/ReservationBuilder;" line-rate="1.0" branch-rate="1.0">
							<lines>
								<line number="35" hits="3" branch="false"/>
								<line number="36" hits="3" branch="false"/>
							</lines>
						</method>
						<method name="withCustomer" signature="(Lmodel/User;)Lutils/builders/ReservationBuilder;" line-rate="1.0" branch-rate="1.0">
							<lines>
								<line number="30" hits="3" branch="false"/>
								<line number="31" hits="3" branch="false"/>
							</lines>
						</method>
						<method name="withOwner" signature="(Lmodel/User;)Lutils/builders/ReservationBuilder;" line-rate="1.0" branch-rate="1.0">
							<lines>
								<line number="21" hits="3" branch="false"/>
								<line number="22" hits="3" branch="false"/>
							</lines>
						</method>
						<method name="withPublication" signature="(Lmodel/ReservedPublication;)Lutils/builders/ReservationBuilder;" line-rate="1.0" branch-rate="1.0">
							<lines>
								<line number="55" hits="3" branch="false"/>
								<line number="56" hits="3" branch="false"/>
							</lines>
						</method>
						<method name="withReturnLocation" signature="(Lmodel/AdressLocation;)Lutils/builders/ReservationBuilder;" line-rate="1.0" branch-rate="1.0">
							<lines>
								<line number="50" hits="3" branch="false"/>
								<line number="51" hits="3" branch="false"/>
							</lines>
						</method>
						<method name="withReturnTime" signature="(Ljava/time/LocalDateTime;)Lutils/builders/ReservationBuilder;" line-rate="1.0" branch-rate="1.0">
							<lines>
								<line number="45" hits="3" branch="false"/>
								<line number="46" hits="3" branch="false"/>
							</lines>
						</method>
					</methods>
					<lines>
						<line number="7" hits="3" branch="false"/>
						<line number="17" hits="3" branch="false"/>
						<line number="21" hits="3" branch="false"/>
						<line number="22" hits="3" branch="false"/>
						<line number="26" hits="3" branch="false"/>
						<line number="30" hits="3" branch="false"/>
						<line number="31" hits="3" branch="false"/>
						<line number="35" hits="3" branch="false"/>
						<line number="36" hits="3" branch="false"/>
						<line number="40" hits="3" branch="false"/>
						<line number="41" hits="3" branch="false"/>
						<line number="45" hits="3" branch="false"/>
						<line number="46" hits="3" branch="false"/>
						<line number="50" hits="3" branch="false"/>
						<line number="51" hits="3" branch="false"/>
						<line number="55" hits="3" branch="false"/>
						<line number="56" hits="3" branch="false"/>
					</lines>
				</class>
				<class name="utils.builders.UserBuilder" filename="utils/builders/UserBuilder.java" line-rate="1.0" branch-rate="1.0" complexity="1.0">
					<methods>
						<method name="&lt;init&gt;" signature="()V" line-rate="1.0" branch-rate="1.0">
							<lines>
								<line number="6" hits="2" branch="false"/>
							</lines>
						</method>
						<method name="build" signature="()Lmodel/User;" line-rate="1.0" branch-rate="1.0">
							<lines>
								<line number="38" hits="2" branch="false"/>
							</lines>
						</method>
						<method name="someUser" signature="()Lmodel/User;" line-rate="1.0" branch-rate="1.0">
							<lines>
								<line number="42" hits="2" branch="false"/>
							</lines>
						</method>
						<method name="start" signature="()Lutils/builders/UserBuilder;" line-rate="1.0" branch-rate="1.0">
							<lines>
								<line number="19" hits="2" branch="false"/>
							</lines>
						</method>
						<method name="withCUIL" signature="(Ljava/lang/String;)Lutils/builders/UserBuilder;" line-rate="1.0" branch-rate="1.0">
							<lines>
								<line number="28" hits="2" branch="false"/>
								<line number="29" hits="2" branch="false"/>
							</lines>
						</method>
						<method name="withEmail" signature="(Ljava/lang/String;)Lutils/builders/UserBuilder;" line-rate="1.0" branch-rate="1.0">
							<lines>
								<line number="33" hits="2" branch="false"/>
								<line number="34" hits="2" branch="false"/>
							</lines>
						</method>
						<method name="withLastName" signature="(Ljava/lang/String;)Lutils/builders/UserBuilder;" line-rate="1.0" branch-rate="1.0">
							<lines>
								<line number="23" hits="2" branch="false"/>
								<line number="24" hits="2" branch="false"/>
							</lines>
						</method>
						<method name="withName" signature="(Ljava/lang/String;)Lutils/builders/UserBuilder;" line-rate="1.0" branch-rate="1.0">
							<lines>
								<line number="14" hits="2" branch="false"/>
								<line number="15" hits="2" branch="false"/>
							</lines>
						</method>
					</methods>
					<lines>
						<line number="6" hits="2" branch="false"/>
						<line number="14" hits="2" branch="false"/>
						<line number="15" hits="2" branch="false"/>
						<line number="19" hits="2" branch="false"/>
						<line number="23" hits="2" branch="false"/>
						<line number="24" hits="2" branch="false"/>
						<line number="28" hits="2" branch="false"/>
						<line number="29" hits="2" branch="false"/>
						<line number="33" hits="2" branch="false"/>
						<line number="34" hits="2" branch="false"/>
						<line number="38" hits="2" branch="false"/>
						<line number="42" hits="2" branch="false"/>
					</lines>
				</class>
				<class name="utils.builders.VehicleBuilder" filename="utils/builders/VehicleBuilder.java" line-rate="0.9166666666666666" branch-rate="1.0" complexity="1.0">
					<methods>
						<method name="&lt;init&gt;" signature="()V" line-rate="1.0" branch-rate="1.0">
							<lines>
								<line number="5" hits="2" branch="false"/>
							</lines>
						</method>
						<method name="build" signature="()Lmodel/Vehicle;" line-rate="1.0" branch-rate="1.0">
							<lines>
								<line number="34" hits="2" branch="false"/>
							</lines>
						</method>
						<method name="someVehicle" signature="()Lmodel/Vehicle;" line-rate="0.0" branch-rate="1.0">
							<lines>
								<line number="37" hits="0" branch="false"/>
							</lines>
						</method>
						<method name="start" signature="()Lutils/builders/VehicleBuilder;" line-rate="1.0" branch-rate="1.0">
							<lines>
								<line number="17" hits="2" branch="false"/>
							</lines>
						</method>
						<method name="withCapacity" signature="(I)Lutils/builders/VehicleBuilder;" line-rate="1.0" branch-rate="1.0">
							<lines>
								<line number="12" hits="2" branch="false"/>
								<line number="13" hits="2" branch="false"/>
							</lines>
						</method>
						<method name="withDescripion" signature="(Ljava/lang/String;)Lutils/builders/VehicleBuilder;" line-rate="1.0" branch-rate="1.0">
							<lines>
								<line number="26" hits="2" branch="false"/>
								<line number="27" hits="2" branch="false"/>
							</lines>
						</method>
						<method name="withPhoto" signature="(Ljava/lang/String;)Lutils/builders/VehicleBuilder;" line-rate="1.0" branch-rate="1.0">
							<lines>
								<line number="30" hits="2" branch="false"/>
								<line number="31" hits="2" branch="false"/>
							</lines>
						</method>
						<method name="withType" signature="(Ljava/lang/String;)Lutils/builders/VehicleBuilder;" line-rate="1.0" branch-rate="1.0">
							<lines>
								<line number="21" hits="2" branch="false"/>
								<line number="22" hits="2" branch="false"/>
							</lines>
						</method>
					</methods>
					<lines>
						<line number="5" hits="2" branch="false"/>
						<line number="12" hits="2" branch="false"/>
						<line number="13" hits="2" branch="false"/>
						<line number="17" hits="2" branch="false"/>
						<line number="21" hits="2" branch="false"/>
						<line number="22" hits="2" branch="false"/>
						<line number="26" hits="2" branch="false"/>
						<line number="27" hits="2" branch="false"/>
						<line number="30" hits="2" branch="false"/>
						<line number="31" hits="2" branch="false"/>
						<line number="34" hits="2" branch="false"/>
						<line number="37" hits="0" branch="false"/>
					</lines>
				</class>
			</classes>
		</package>
	</packages>
</coverage>
